<?xml version="1.0" encoding="UTF-8"?>
<testsuite name="com.example.project.SortTest" tests="5" skipped="0" failures="0" errors="0" timestamp="2025-03-22T01:58:18" hostname="codespaces-498577" time="0.365">
  <properties/>
  <testcase name="testSelectionSort_16Elements_NegativeAndPositiveNumbers()" classname="com.example.project.SortTest" time="0.089"/>
  <testcase name="testSelectionSort_10Elements_WithDuplicates()" classname="com.example.project.SortTest" time="0.009"/>
  <testcase name="testSelectionSort_Words()" classname="com.example.project.SortTest" time="0.225"/>
  <testcase name="testSelectionSort_1000Elements_RandomNumbers()" classname="com.example.project.SortTest" time="0.018"/>
  <testcase name="testSelectionSort_10Elements_SortedCorrectly()" classname="com.example.project.SortTest" time="0.003"/>
  <system-out><![CDATA[]]></system-out>
  <system-err><![CDATA[]]></system-err>
</testsuite>
